<?xml version="1.0" encoding="UTF-8"?>
<!-- Generated by org.testng.reporters.JUnitReportReporter -->
<testsuite skipped="0" hostname="DESKTOP-QAKAGND" name="dempo.testclass" tests="1" failures="0" timestamp="19 Mar 2019 23:46:36 GMT" time="0.006" errors="0">
  <testcase name="test" time="0.006" classname="dempo.testclass"/>
</testsuite> <!-- dempo.testclass -->
